[2.812s] DEBUG:colcon:Command line arguments: ['/usr/bin/colcon', 'build']
[2.812s] DEBUG:colcon:Parsed command line arguments: Namespace(log_base=None, log_level=None, verb_name='build', build_base='build', install_base='install', merge_install=False, symlink_install=False, test_result_base=None, continue_on_error=False, executor='parallel', parallel_workers=6, event_handlers=None, ignore_user_meta=False, metas=['./colcon.meta'], base_paths=['.'], packages_ignore=None, packages_ignore_regex=None, paths=None, packages_up_to=None, packages_up_to_regex=None, packages_above=None, packages_above_and_dependencies=None, packages_above_depth=None, packages_select_by_dep=None, packages_skip_by_dep=None, packages_skip_up_to=None, packages_select_build_failed=False, packages_skip_build_finished=False, packages_select_test_failures=False, packages_skip_test_passed=False, packages_select=None, packages_skip=None, packages_select_regex=None, packages_skip_regex=None, packages_start=None, packages_end=None, allow_overriding=[], cmake_args=None, cmake_target=None, cmake_target_skip_unavailable=False, cmake_clean_cache=False, cmake_clean_first=False, cmake_force_configure=False, ament_cmake_args=None, catkin_cmake_args=None, catkin_skip_building_tests=False, verb_parser=<colcon_defaults.argument_parser.defaults.DefaultArgumentsDecorator object at 0x7f68217893f0>, verb_extension=<colcon_core.verb.build.BuildVerb object at 0x7f682265b2b0>, main=<bound method BuildVerb.main of <colcon_core.verb.build.BuildVerb object at 0x7f682265b2b0>>)
[3.078s] Level 1:colcon.colcon_core.package_discovery:discover_packages(colcon_meta) check parameters
[3.079s] Level 1:colcon.colcon_core.package_discovery:discover_packages(recursive) check parameters
[3.079s] Level 1:colcon.colcon_core.package_discovery:discover_packages(ignore) check parameters
[3.079s] Level 1:colcon.colcon_core.package_discovery:discover_packages(path) check parameters
[3.079s] Level 1:colcon.colcon_core.package_discovery:discover_packages(colcon_meta) discover
[3.079s] Level 1:colcon.colcon_core.package_discovery:discover_packages(recursive) discover
[3.079s] INFO:colcon.colcon_core.package_discovery:Crawling recursively for packages in '/home/timbo/microros_v2/microros_ws'
[3.079s] Level 1:colcon.colcon_core.package_identification:_identify(.) by extensions ['ignore', 'ignore_ament_install']
[3.079s] Level 1:colcon.colcon_core.package_identification:_identify(.) by extension 'ignore'
[3.079s] Level 1:colcon.colcon_core.package_identification:_identify(.) by extension 'ignore_ament_install'
[3.079s] Level 1:colcon.colcon_core.package_identification:_identify(.) by extensions ['colcon_pkg']
[3.079s] Level 1:colcon.colcon_core.package_identification:_identify(.) by extension 'colcon_pkg'
[3.079s] Level 1:colcon.colcon_core.package_identification:_identify(.) by extensions ['colcon_meta']
[3.079s] Level 1:colcon.colcon_core.package_identification:_identify(.) by extension 'colcon_meta'
[3.079s] Level 1:colcon.colcon_core.package_identification:_identify(.) by extensions ['ros']
[3.079s] Level 1:colcon.colcon_core.package_identification:_identify(.) by extension 'ros'
[3.089s] Level 1:colcon.colcon_core.package_identification:_identify(.) by extensions ['cmake', 'python']
[3.089s] Level 1:colcon.colcon_core.package_identification:_identify(.) by extension 'cmake'
[3.089s] Level 1:colcon.colcon_core.package_identification:_identify(.) by extension 'python'
[3.089s] Level 1:colcon.colcon_core.package_identification:_identify(.) by extensions ['python_setup_py']
[3.089s] Level 1:colcon.colcon_core.package_identification:_identify(.) by extension 'python_setup_py'
[3.089s] Level 1:colcon.colcon_core.package_identification:_identify(build) by extensions ['ignore', 'ignore_ament_install']
[3.090s] Level 1:colcon.colcon_core.package_identification:_identify(build) by extension 'ignore'
[3.090s] Level 1:colcon.colcon_core.package_identification:_identify(build) ignored
[3.090s] Level 1:colcon.colcon_core.package_identification:_identify(install) by extensions ['ignore', 'ignore_ament_install']
[3.090s] Level 1:colcon.colcon_core.package_identification:_identify(install) by extension 'ignore'
[3.090s] Level 1:colcon.colcon_core.package_identification:_identify(install) ignored
[3.090s] Level 1:colcon.colcon_core.package_identification:_identify(log) by extensions ['ignore', 'ignore_ament_install']
[3.090s] Level 1:colcon.colcon_core.package_identification:_identify(log) by extension 'ignore'
[3.090s] Level 1:colcon.colcon_core.package_identification:_identify(log) ignored
[3.090s] Level 1:colcon.colcon_core.package_identification:_identify(micro_ros_setup) by extensions ['ignore', 'ignore_ament_install']
[3.090s] Level 1:colcon.colcon_core.package_identification:_identify(micro_ros_setup) by extension 'ignore'
[3.090s] Level 1:colcon.colcon_core.package_identification:_identify(micro_ros_setup) by extension 'ignore_ament_install'
[3.090s] Level 1:colcon.colcon_core.package_identification:_identify(micro_ros_setup) by extensions ['colcon_pkg']
[3.090s] Level 1:colcon.colcon_core.package_identification:_identify(micro_ros_setup) by extension 'colcon_pkg'
[3.090s] Level 1:colcon.colcon_core.package_identification:_identify(micro_ros_setup) by extensions ['colcon_meta']
[3.090s] Level 1:colcon.colcon_core.package_identification:_identify(micro_ros_setup) by extension 'colcon_meta'
[3.090s] Level 1:colcon.colcon_core.package_identification:_identify(micro_ros_setup) by extensions ['ros']
[3.090s] Level 1:colcon.colcon_core.package_identification:_identify(micro_ros_setup) by extension 'ros'
[3.128s] DEBUG:colcon.colcon_core.package_identification:Package 'micro_ros_setup' with type 'ros.ament_cmake' and name 'micro_ros_setup'
[3.128s] Level 1:colcon.colcon_core.package_discovery:discover_packages(recursive) using defaults
[3.128s] Level 1:colcon.colcon_core.package_discovery:discover_packages(ignore) discover
[3.128s] Level 1:colcon.colcon_core.package_discovery:discover_packages(ignore) using defaults
[3.128s] Level 1:colcon.colcon_core.package_discovery:discover_packages(path) discover
[3.128s] Level 1:colcon.colcon_core.package_discovery:discover_packages(path) using defaults
[3.367s] Level 1:colcon.colcon_core.package_discovery:discover_packages(prefix_path) check parameters
[3.367s] Level 1:colcon.colcon_core.package_discovery:discover_packages(prefix_path) discover
[3.407s] DEBUG:colcon.colcon_installed_package_information.package_discovery:Found 3 installed packages in /home/timbo/microros_ws/install
[3.424s] DEBUG:colcon.colcon_installed_package_information.package_discovery:Found 270 installed packages in /opt/ros/humble
[3.425s] Level 1:colcon.colcon_core.package_discovery:discover_packages(prefix_path) using defaults
[3.627s] Level 5:colcon.colcon_core.verb:set package 'micro_ros_setup' build argument 'cmake_args' from command line to 'None'
[3.627s] Level 5:colcon.colcon_core.verb:set package 'micro_ros_setup' build argument 'cmake_target' from command line to 'None'
[3.627s] Level 5:colcon.colcon_core.verb:set package 'micro_ros_setup' build argument 'cmake_target_skip_unavailable' from command line to 'False'
[3.627s] Level 5:colcon.colcon_core.verb:set package 'micro_ros_setup' build argument 'cmake_clean_cache' from command line to 'False'
[3.627s] Level 5:colcon.colcon_core.verb:set package 'micro_ros_setup' build argument 'cmake_clean_first' from command line to 'False'
[3.627s] Level 5:colcon.colcon_core.verb:set package 'micro_ros_setup' build argument 'cmake_force_configure' from command line to 'False'
[3.627s] Level 5:colcon.colcon_core.verb:set package 'micro_ros_setup' build argument 'ament_cmake_args' from command line to 'None'
[3.627s] Level 5:colcon.colcon_core.verb:set package 'micro_ros_setup' build argument 'catkin_cmake_args' from command line to 'None'
[3.627s] Level 5:colcon.colcon_core.verb:set package 'micro_ros_setup' build argument 'catkin_skip_building_tests' from command line to 'False'
[3.627s] DEBUG:colcon.colcon_core.verb:Building package 'micro_ros_setup' with the following arguments: {'ament_cmake_args': None, 'build_base': '/home/timbo/microros_v2/microros_ws/build/micro_ros_setup', 'catkin_cmake_args': None, 'catkin_skip_building_tests': False, 'cmake_args': None, 'cmake_clean_cache': False, 'cmake_clean_first': False, 'cmake_force_configure': False, 'cmake_target': None, 'cmake_target_skip_unavailable': False, 'install_base': '/home/timbo/microros_v2/microros_ws/install/micro_ros_setup', 'merge_install': False, 'path': '/home/timbo/microros_v2/microros_ws/micro_ros_setup', 'symlink_install': False, 'test_result_base': None}
[3.640s] INFO:colcon.colcon_core.executor:Executing jobs using 'parallel' executor
[3.654s] DEBUG:colcon.colcon_parallel_executor.executor.parallel:run_until_complete
[3.654s] INFO:colcon.colcon_ros.task.ament_cmake.build:Building ROS package in '/home/timbo/microros_v2/microros_ws/micro_ros_setup' with build type 'ament_cmake'
[3.654s] INFO:colcon.colcon_cmake.task.cmake.build:Building CMake package in '/home/timbo/microros_v2/microros_ws/micro_ros_setup'
[3.688s] INFO:colcon.colcon_core.plugin_system:Skipping extension 'colcon_core.shell.bat': Not used on non-Windows systems
[3.688s] INFO:colcon.colcon_core.shell:Skip shell extension 'powershell' for command environment: Not usable outside of PowerShell
[3.688s] DEBUG:colcon.colcon_core.shell:Skip shell extension 'dsv' for command environment
[3.742s] DEBUG:colcon.colcon_core.event_handler.log_command:Invoking command in '/home/timbo/microros_v2/microros_ws/build/micro_ros_setup': CMAKE_PREFIX_PATH=${CMAKE_PREFIX_PATH}:/opt/ros/humble /usr/bin/cmake /home/timbo/microros_v2/microros_ws/micro_ros_setup -DCMAKE_INSTALL_PREFIX=/home/timbo/microros_v2/microros_ws/install/micro_ros_setup
[7.556s] DEBUG:colcon.colcon_core.event_handler.log_command:Invoked command in '/home/timbo/microros_v2/microros_ws/build/micro_ros_setup' returned '0': CMAKE_PREFIX_PATH=${CMAKE_PREFIX_PATH}:/opt/ros/humble /usr/bin/cmake /home/timbo/microros_v2/microros_ws/micro_ros_setup -DCMAKE_INSTALL_PREFIX=/home/timbo/microros_v2/microros_ws/install/micro_ros_setup
[7.558s] DEBUG:colcon.colcon_core.event_handler.log_command:Invoking command in '/home/timbo/microros_v2/microros_ws/build/micro_ros_setup': CMAKE_PREFIX_PATH=${CMAKE_PREFIX_PATH}:/opt/ros/humble /usr/bin/cmake --build /home/timbo/microros_v2/microros_ws/build/micro_ros_setup -- -j6 -l6
[7.612s] DEBUG:colcon.colcon_core.event_handler.log_command:Invoked command in '/home/timbo/microros_v2/microros_ws/build/micro_ros_setup' returned '0': CMAKE_PREFIX_PATH=${CMAKE_PREFIX_PATH}:/opt/ros/humble /usr/bin/cmake --build /home/timbo/microros_v2/microros_ws/build/micro_ros_setup -- -j6 -l6
[7.676s] DEBUG:colcon.colcon_core.event_handler.log_command:Invoking command in '/home/timbo/microros_v2/microros_ws/build/micro_ros_setup': CMAKE_PREFIX_PATH=${CMAKE_PREFIX_PATH}:/opt/ros/humble /usr/bin/cmake --install /home/timbo/microros_v2/microros_ws/build/micro_ros_setup
[7.761s] Level 1:colcon.colcon_core.environment:create_environment_scripts_only(micro_ros_setup)
[7.768s] DEBUG:colcon.colcon_core.event_handler.log_command:Invoked command in '/home/timbo/microros_v2/microros_ws/build/micro_ros_setup' returned '0': CMAKE_PREFIX_PATH=${CMAKE_PREFIX_PATH}:/opt/ros/humble /usr/bin/cmake --install /home/timbo/microros_v2/microros_ws/build/micro_ros_setup
[7.896s] Level 1:colcon.colcon_core.environment:checking '/home/timbo/microros_v2/microros_ws/install/micro_ros_setup' for CMake module files
[7.897s] Level 1:colcon.colcon_core.environment:checking '/home/timbo/microros_v2/microros_ws/install/micro_ros_setup' for CMake config files
[7.897s] Level 1:colcon.colcon_core.shell:create_environment_hook('micro_ros_setup', 'cmake_prefix_path')
[7.912s] INFO:colcon.colcon_core.shell:Creating environment hook '/home/timbo/microros_v2/microros_ws/install/micro_ros_setup/share/micro_ros_setup/hook/cmake_prefix_path.ps1'
[7.922s] INFO:colcon.colcon_core.shell:Creating environment descriptor '/home/timbo/microros_v2/microros_ws/install/micro_ros_setup/share/micro_ros_setup/hook/cmake_prefix_path.dsv'
[7.930s] INFO:colcon.colcon_core.shell:Creating environment hook '/home/timbo/microros_v2/microros_ws/install/micro_ros_setup/share/micro_ros_setup/hook/cmake_prefix_path.sh'
[7.933s] Level 1:colcon.colcon_core.environment:checking '/home/timbo/microros_v2/microros_ws/install/micro_ros_setup/lib'
[7.933s] Level 1:colcon.colcon_core.environment:checking '/home/timbo/microros_v2/microros_ws/install/micro_ros_setup/bin'
[7.933s] Level 1:colcon.colcon_core.environment:checking '/home/timbo/microros_v2/microros_ws/install/micro_ros_setup/lib/pkgconfig/micro_ros_setup.pc'
[7.933s] Level 1:colcon.colcon_core.environment:checking '/home/timbo/microros_v2/microros_ws/install/micro_ros_setup/lib/python3.10/site-packages'
[7.933s] Level 1:colcon.colcon_core.environment:checking '/home/timbo/microros_v2/microros_ws/install/micro_ros_setup/bin'
[7.950s] INFO:colcon.colcon_core.shell:Creating package script '/home/timbo/microros_v2/microros_ws/install/micro_ros_setup/share/micro_ros_setup/package.ps1'
[7.952s] INFO:colcon.colcon_core.shell:Creating package descriptor '/home/timbo/microros_v2/microros_ws/install/micro_ros_setup/share/micro_ros_setup/package.dsv'
[7.954s] INFO:colcon.colcon_core.shell:Creating package script '/home/timbo/microros_v2/microros_ws/install/micro_ros_setup/share/micro_ros_setup/package.sh'
[7.955s] INFO:colcon.colcon_core.shell:Creating package script '/home/timbo/microros_v2/microros_ws/install/micro_ros_setup/share/micro_ros_setup/package.bash'
[7.966s] INFO:colcon.colcon_core.shell:Creating package script '/home/timbo/microros_v2/microros_ws/install/micro_ros_setup/share/micro_ros_setup/package.zsh'
[7.976s] Level 1:colcon.colcon_core.environment:create_file_with_runtime_dependencies(/home/timbo/microros_v2/microros_ws/install/micro_ros_setup/share/colcon-core/packages/micro_ros_setup)
[8.031s] Level 1:colcon.colcon_core.environment:create_environment_scripts_only(micro_ros_setup)
[8.045s] Level 1:colcon.colcon_core.environment:checking '/home/timbo/microros_v2/microros_ws/install/micro_ros_setup' for CMake module files
[8.046s] Level 1:colcon.colcon_core.environment:checking '/home/timbo/microros_v2/microros_ws/install/micro_ros_setup' for CMake config files
[8.046s] Level 1:colcon.colcon_core.shell:create_environment_hook('micro_ros_setup', 'cmake_prefix_path')
[8.063s] INFO:colcon.colcon_core.shell:Creating environment hook '/home/timbo/microros_v2/microros_ws/install/micro_ros_setup/share/micro_ros_setup/hook/cmake_prefix_path.ps1'
[8.064s] INFO:colcon.colcon_core.shell:Creating environment descriptor '/home/timbo/microros_v2/microros_ws/install/micro_ros_setup/share/micro_ros_setup/hook/cmake_prefix_path.dsv'
[8.064s] INFO:colcon.colcon_core.shell:Creating environment hook '/home/timbo/microros_v2/microros_ws/install/micro_ros_setup/share/micro_ros_setup/hook/cmake_prefix_path.sh'
[8.065s] Level 1:colcon.colcon_core.environment:checking '/home/timbo/microros_v2/microros_ws/install/micro_ros_setup/lib'
[8.065s] Level 1:colcon.colcon_core.environment:checking '/home/timbo/microros_v2/microros_ws/install/micro_ros_setup/bin'
[8.065s] Level 1:colcon.colcon_core.environment:checking '/home/timbo/microros_v2/microros_ws/install/micro_ros_setup/lib/pkgconfig/micro_ros_setup.pc'
[8.065s] Level 1:colcon.colcon_core.environment:checking '/home/timbo/microros_v2/microros_ws/install/micro_ros_setup/lib/python3.10/site-packages'
[8.065s] Level 1:colcon.colcon_core.environment:checking '/home/timbo/microros_v2/microros_ws/install/micro_ros_setup/bin'
[8.080s] INFO:colcon.colcon_core.shell:Creating package script '/home/timbo/microros_v2/microros_ws/install/micro_ros_setup/share/micro_ros_setup/package.ps1'
[8.081s] INFO:colcon.colcon_core.shell:Creating package descriptor '/home/timbo/microros_v2/microros_ws/install/micro_ros_setup/share/micro_ros_setup/package.dsv'
[8.081s] INFO:colcon.colcon_core.shell:Creating package script '/home/timbo/microros_v2/microros_ws/install/micro_ros_setup/share/micro_ros_setup/package.sh'
[8.082s] INFO:colcon.colcon_core.shell:Creating package script '/home/timbo/microros_v2/microros_ws/install/micro_ros_setup/share/micro_ros_setup/package.bash'
[8.082s] INFO:colcon.colcon_core.shell:Creating package script '/home/timbo/microros_v2/microros_ws/install/micro_ros_setup/share/micro_ros_setup/package.zsh'
[8.083s] Level 1:colcon.colcon_core.environment:create_file_with_runtime_dependencies(/home/timbo/microros_v2/microros_ws/install/micro_ros_setup/share/colcon-core/packages/micro_ros_setup)
[8.083s] DEBUG:colcon.colcon_parallel_executor.executor.parallel:closing loop
[8.084s] DEBUG:colcon.colcon_parallel_executor.executor.parallel:loop closed
[8.085s] DEBUG:colcon.colcon_parallel_executor.executor.parallel:run_until_complete finished with '0'
[8.085s] DEBUG:colcon.colcon_core.event_reactor:joining thread
[8.121s] INFO:colcon.colcon_core.plugin_system:Skipping extension 'colcon_notification.desktop_notification.terminal_notifier': Not used on non-Darwin systems
[8.121s] INFO:colcon.colcon_core.plugin_system:Skipping extension 'colcon_notification.desktop_notification.win32': Not used on non-Windows systems
[8.121s] INFO:colcon.colcon_notification.desktop_notification:Sending desktop notification using 'notify2'
[8.152s] DEBUG:colcon.colcon_core.event_reactor:joined thread
[8.166s] INFO:colcon.colcon_core.shell:Creating prefix script '/home/timbo/microros_v2/microros_ws/install/local_setup.ps1'
[8.168s] INFO:colcon.colcon_core.shell:Creating prefix util module '/home/timbo/microros_v2/microros_ws/install/_local_setup_util_ps1.py'
[8.191s] INFO:colcon.colcon_core.shell:Creating prefix chain script '/home/timbo/microros_v2/microros_ws/install/setup.ps1'
[8.215s] INFO:colcon.colcon_core.shell:Creating prefix script '/home/timbo/microros_v2/microros_ws/install/local_setup.sh'
[8.216s] INFO:colcon.colcon_core.shell:Creating prefix util module '/home/timbo/microros_v2/microros_ws/install/_local_setup_util_sh.py'
[8.217s] INFO:colcon.colcon_core.shell:Creating prefix chain script '/home/timbo/microros_v2/microros_ws/install/setup.sh'
[8.265s] INFO:colcon.colcon_core.shell:Creating prefix script '/home/timbo/microros_v2/microros_ws/install/local_setup.bash'
[8.275s] INFO:colcon.colcon_core.shell:Creating prefix chain script '/home/timbo/microros_v2/microros_ws/install/setup.bash'
[8.376s] INFO:colcon.colcon_core.shell:Creating prefix script '/home/timbo/microros_v2/microros_ws/install/local_setup.zsh'
[8.377s] INFO:colcon.colcon_core.shell:Creating prefix chain script '/home/timbo/microros_v2/microros_ws/install/setup.zsh'
